15:15:59 [SpringContextShutdownHook] INFO  o.s.s.c.ThreadPoolTaskExecutor - Shutting down ExecutorService 'applicationTaskExecutor'
15:16:32 [main] INFO  o.a.k.c.producer.ProducerConfig - ProducerConfig values: 
	acks = 0
	batch.size = 16384
	bootstrap.servers = [localhost:9092]
	buffer.memory = 33554432
	client.dns.lookup = default
	client.id = MacBook-Air-Igor.local-default-logback-main
	compression.type = none
	connections.max.idle.ms = 540000
	delivery.timeout.ms = 120000
	enable.idempotence = false
	interceptor.classes = []
	key.serializer = class org.apache.kafka.common.serialization.StringSerializer
	linger.ms = 100
	max.block.ms = 100
	max.in.flight.requests.per.connection = 5
	max.request.size = 1048576
	metadata.max.age.ms = 300000
	metric.reporters = []
	metrics.num.samples = 2
	metrics.recording.level = INFO
	metrics.sample.window.ms = 30000
	partitioner.class = class org.apache.kafka.clients.producer.internals.DefaultPartitioner
	receive.buffer.bytes = 32768
	reconnect.backoff.max.ms = 1000
	reconnect.backoff.ms = 50
	request.timeout.ms = 30000
	retries = 2147483647
	retry.backoff.ms = 100
	sasl.client.callback.handler.class = null
	sasl.jaas.config = null
	sasl.kerberos.kinit.cmd = /usr/bin/kinit
	sasl.kerberos.min.time.before.relogin = 60000
	sasl.kerberos.service.name = null
	sasl.kerberos.ticket.renew.jitter = 0.05
	sasl.kerberos.ticket.renew.window.factor = 0.8
	sasl.login.callback.handler.class = null
	sasl.login.class = null
	sasl.login.refresh.buffer.seconds = 300
	sasl.login.refresh.min.period.seconds = 60
	sasl.login.refresh.window.factor = 0.8
	sasl.login.refresh.window.jitter = 0.05
	sasl.mechanism = GSSAPI
	security.protocol = PLAINTEXT
	send.buffer.bytes = 131072
	ssl.cipher.suites = null
	ssl.enabled.protocols = [TLSv1.2, TLSv1.1, TLSv1]
	ssl.endpoint.identification.algorithm = https
	ssl.key.password = null
	ssl.keymanager.algorithm = SunX509
	ssl.keystore.location = null
	ssl.keystore.password = null
	ssl.keystore.type = JKS
	ssl.protocol = TLS
	ssl.provider = null
	ssl.secure.random.implementation = null
	ssl.trustmanager.algorithm = PKIX
	ssl.truststore.location = null
	ssl.truststore.password = null
	ssl.truststore.type = JKS
	transaction.timeout.ms = 60000
	transactional.id = null
	value.serializer = class org.apache.kafka.common.serialization.ByteArraySerializer

15:16:32 [main] INFO  o.a.kafka.common.utils.AppInfoParser - Kafka version: 2.3.1
15:16:32 [main] INFO  o.a.kafka.common.utils.AppInfoParser - Kafka commitId: 18a913733fb71c01
15:16:32 [main] INFO  o.a.kafka.common.utils.AppInfoParser - Kafka startTimeMs: 1635509792683
15:16:32 [main] INFO  c.g.c.k.LoggerRoot - Starting LoggerRoot on MacBook-Air-Igor.local with PID 59850 (/Users/igor/IdeaProjects/kafka-logback-appender/target/classes started by igor in /Users/igor/IdeaProjects/kafka-logback-appender)
15:16:32 [main] INFO  c.g.c.k.LoggerRoot - No active profile set, falling back to default profiles: default
15:16:33 [kafka-producer-network-thread | MacBook-Air-Igor.local-default-logback-main] INFO  org.apache.kafka.clients.Metadata - [Producer clientId=MacBook-Air-Igor.local-default-logback-main] Cluster ID: IkVR4TloSpiJkSOgp8d8ow
15:16:36 [main] INFO  o.s.b.w.e.tomcat.TomcatWebServer - Tomcat initialized with port(s): 8090 (http)
15:16:36 [main] INFO  o.a.catalina.core.StandardService - Starting service [Tomcat]
15:16:36 [main] INFO  o.a.catalina.core.StandardEngine - Starting Servlet engine: [Apache Tomcat/9.0.33]
15:16:36 [main] INFO  o.a.c.c.C.[Tomcat].[localhost].[/] - Initializing Spring embedded WebApplicationContext
15:16:36 [main] INFO  o.s.web.context.ContextLoader - Root WebApplicationContext: initialization completed in 3623 ms
15:16:37 [main] INFO  s.d.s.w.PropertySourcedRequestMappingHandlerMapping - Mapped URL path [/v2/api-docs] onto method [springfox.documentation.swagger2.web.Swagger2Controller#getDocumentation(String, HttpServletRequest)]
15:16:37 [main] INFO  o.s.s.c.ThreadPoolTaskExecutor - Initializing ExecutorService 'applicationTaskExecutor'
15:16:38 [main] INFO  s.d.s.w.p.DocumentationPluginsBootstrapper - Context refreshed
15:16:38 [main] INFO  s.d.s.w.p.DocumentationPluginsBootstrapper - Found 1 custom documentation plugin(s)
15:16:38 [main] INFO  s.d.s.w.s.ApiListingReferenceScanner - Scanning for api listing references
15:16:38 [main] INFO  o.s.b.w.e.tomcat.TomcatWebServer - Tomcat started on port(s): 8090 (http) with context path ''
15:16:38 [main] INFO  c.g.c.k.LoggerRoot - Started LoggerRoot in 13.915 seconds (JVM running for 15.885)
15:16:38 [main] INFO  LoggerRoot - Completed
15:16:38 [main] INFO  LoggerRoot - 
------------------------------------------
	Application 'LoggerRoot' is running!
	Access URL: http://127.0.0.1:8090/swagger-ui.html

15:18:53 [SpringContextShutdownHook] INFO  o.s.s.c.ThreadPoolTaskExecutor - Shutting down ExecutorService 'applicationTaskExecutor'
15:19:06 [main] INFO  o.a.k.c.producer.ProducerConfig - ProducerConfig values: 
	acks = 0
	batch.size = 16384
	bootstrap.servers = [localhost:9092]
	buffer.memory = 33554432
	client.dns.lookup = default
	client.id = MacBook-Air-Igor.local-default-logback-main
	compression.type = none
	connections.max.idle.ms = 540000
	delivery.timeout.ms = 120000
	enable.idempotence = false
	interceptor.classes = []
	key.serializer = class org.apache.kafka.common.serialization.StringSerializer
	linger.ms = 100
	max.block.ms = 100
	max.in.flight.requests.per.connection = 5
	max.request.size = 1048576
	metadata.max.age.ms = 300000
	metric.reporters = []
	metrics.num.samples = 2
	metrics.recording.level = INFO
	metrics.sample.window.ms = 30000
	partitioner.class = class org.apache.kafka.clients.producer.internals.DefaultPartitioner
	receive.buffer.bytes = 32768
	reconnect.backoff.max.ms = 1000
	reconnect.backoff.ms = 50
	request.timeout.ms = 30000
	retries = 2147483647
	retry.backoff.ms = 100
	sasl.client.callback.handler.class = null
	sasl.jaas.config = null
	sasl.kerberos.kinit.cmd = /usr/bin/kinit
	sasl.kerberos.min.time.before.relogin = 60000
	sasl.kerberos.service.name = null
	sasl.kerberos.ticket.renew.jitter = 0.05
	sasl.kerberos.ticket.renew.window.factor = 0.8
	sasl.login.callback.handler.class = null
	sasl.login.class = null
	sasl.login.refresh.buffer.seconds = 300
	sasl.login.refresh.min.period.seconds = 60
	sasl.login.refresh.window.factor = 0.8
	sasl.login.refresh.window.jitter = 0.05
	sasl.mechanism = GSSAPI
	security.protocol = PLAINTEXT
	send.buffer.bytes = 131072
	ssl.cipher.suites = null
	ssl.enabled.protocols = [TLSv1.2, TLSv1.1, TLSv1]
	ssl.endpoint.identification.algorithm = https
	ssl.key.password = null
	ssl.keymanager.algorithm = SunX509
	ssl.keystore.location = null
	ssl.keystore.password = null
	ssl.keystore.type = JKS
	ssl.protocol = TLS
	ssl.provider = null
	ssl.secure.random.implementation = null
	ssl.trustmanager.algorithm = PKIX
	ssl.truststore.location = null
	ssl.truststore.password = null
	ssl.truststore.type = JKS
	transaction.timeout.ms = 60000
	transactional.id = null
	value.serializer = class org.apache.kafka.common.serialization.ByteArraySerializer

15:19:07 [main] INFO  o.a.kafka.common.utils.AppInfoParser - Kafka version: 2.3.1
15:19:07 [main] INFO  o.a.kafka.common.utils.AppInfoParser - Kafka commitId: 18a913733fb71c01
15:19:07 [main] INFO  o.a.kafka.common.utils.AppInfoParser - Kafka startTimeMs: 1635509947348
15:19:06 [main] INFO  c.g.c.k.LoggerRoot - Starting LoggerRoot on MacBook-Air-Igor.local with PID 59904 (/Users/igor/IdeaProjects/kafka-logback-appender/target/classes started by igor in /Users/igor/IdeaProjects/kafka-logback-appender)
15:19:07 [main] INFO  c.g.c.k.LoggerRoot - No active profile set, falling back to default profiles: default
15:19:07 [kafka-producer-network-thread | MacBook-Air-Igor.local-default-logback-main] INFO  org.apache.kafka.clients.Metadata - [Producer clientId=MacBook-Air-Igor.local-default-logback-main] Cluster ID: IkVR4TloSpiJkSOgp8d8ow
15:19:11 [main] INFO  o.s.b.w.e.tomcat.TomcatWebServer - Tomcat initialized with port(s): 8090 (http)
15:19:11 [main] INFO  o.a.catalina.core.StandardService - Starting service [Tomcat]
15:19:11 [main] INFO  o.a.catalina.core.StandardEngine - Starting Servlet engine: [Apache Tomcat/9.0.33]
15:19:11 [main] INFO  o.a.c.c.C.[Tomcat].[localhost].[/] - Initializing Spring embedded WebApplicationContext
15:19:11 [main] INFO  o.s.web.context.ContextLoader - Root WebApplicationContext: initialization completed in 3851 ms
15:19:12 [main] INFO  s.d.s.w.PropertySourcedRequestMappingHandlerMapping - Mapped URL path [/v2/api-docs] onto method [springfox.documentation.swagger2.web.Swagger2Controller#getDocumentation(String, HttpServletRequest)]
15:19:12 [main] INFO  o.s.s.c.ThreadPoolTaskExecutor - Initializing ExecutorService 'applicationTaskExecutor'
15:19:13 [main] INFO  s.d.s.w.p.DocumentationPluginsBootstrapper - Context refreshed
15:19:13 [main] INFO  s.d.s.w.p.DocumentationPluginsBootstrapper - Found 1 custom documentation plugin(s)
15:19:13 [main] INFO  s.d.s.w.s.ApiListingReferenceScanner - Scanning for api listing references
15:19:13 [main] INFO  o.s.b.w.e.tomcat.TomcatWebServer - Tomcat started on port(s): 8090 (http) with context path ''
15:19:13 [main] INFO  c.g.c.k.LoggerRoot - Started LoggerRoot in 14.171 seconds (JVM running for 15.921)
15:19:13 [main] INFO  LoggerRoot - Completed
15:19:13 [main] INFO  LoggerRoot - 
------------------------------------------
	Application 'LoggerRoot' is running!
	Access URL: http://127.0.0.1:8090/swagger-ui.html

15:35:47 [SpringContextShutdownHook] INFO  o.s.s.c.ThreadPoolTaskExecutor - Shutting down ExecutorService 'applicationTaskExecutor'
15:36:23 [main] INFO  o.a.k.c.producer.ProducerConfig - ProducerConfig values: 
	acks = 0
	batch.size = 16384
	bootstrap.servers = [localhost:9092]
	buffer.memory = 33554432
	client.dns.lookup = default
	client.id = MacBook-Air-Igor.local-default-logback-main
	compression.type = none
	connections.max.idle.ms = 540000
	delivery.timeout.ms = 120000
	enable.idempotence = false
	interceptor.classes = []
	key.serializer = class org.apache.kafka.common.serialization.StringSerializer
	linger.ms = 100
	max.block.ms = 100
	max.in.flight.requests.per.connection = 5
	max.request.size = 1048576
	metadata.max.age.ms = 300000
	metric.reporters = []
	metrics.num.samples = 2
	metrics.recording.level = INFO
	metrics.sample.window.ms = 30000
	partitioner.class = class org.apache.kafka.clients.producer.internals.DefaultPartitioner
	receive.buffer.bytes = 32768
	reconnect.backoff.max.ms = 1000
	reconnect.backoff.ms = 50
	request.timeout.ms = 30000
	retries = 2147483647
	retry.backoff.ms = 100
	sasl.client.callback.handler.class = null
	sasl.jaas.config = null
	sasl.kerberos.kinit.cmd = /usr/bin/kinit
	sasl.kerberos.min.time.before.relogin = 60000
	sasl.kerberos.service.name = null
	sasl.kerberos.ticket.renew.jitter = 0.05
	sasl.kerberos.ticket.renew.window.factor = 0.8
	sasl.login.callback.handler.class = null
	sasl.login.class = null
	sasl.login.refresh.buffer.seconds = 300
	sasl.login.refresh.min.period.seconds = 60
	sasl.login.refresh.window.factor = 0.8
	sasl.login.refresh.window.jitter = 0.05
	sasl.mechanism = GSSAPI
	security.protocol = PLAINTEXT
	send.buffer.bytes = 131072
	ssl.cipher.suites = null
	ssl.enabled.protocols = [TLSv1.2, TLSv1.1, TLSv1]
	ssl.endpoint.identification.algorithm = https
	ssl.key.password = null
	ssl.keymanager.algorithm = SunX509
	ssl.keystore.location = null
	ssl.keystore.password = null
	ssl.keystore.type = JKS
	ssl.protocol = TLS
	ssl.provider = null
	ssl.secure.random.implementation = null
	ssl.trustmanager.algorithm = PKIX
	ssl.truststore.location = null
	ssl.truststore.password = null
	ssl.truststore.type = JKS
	transaction.timeout.ms = 60000
	transactional.id = null
	value.serializer = class org.apache.kafka.common.serialization.ByteArraySerializer

15:36:24 [main] INFO  o.a.kafka.common.utils.AppInfoParser - Kafka version: 2.3.1
15:36:24 [main] INFO  o.a.kafka.common.utils.AppInfoParser - Kafka commitId: 18a913733fb71c01
15:36:24 [main] INFO  o.a.kafka.common.utils.AppInfoParser - Kafka startTimeMs: 1635510984242
15:36:24 [main] INFO  o.a.k.c.producer.ProducerConfig - ProducerConfig values: 
	acks = 1
	batch.size = 16384
	bootstrap.servers = [localhost:9092]
	buffer.memory = 33554432
	client.dns.lookup = default
	client.id = MacBook-Air-Igor.local-default-logback-error
	compression.type = gzip
	connections.max.idle.ms = 540000
	delivery.timeout.ms = 120000
	enable.idempotence = false
	interceptor.classes = []
	key.serializer = class org.apache.kafka.common.serialization.StringSerializer
	linger.ms = 0
	max.block.ms = 60000
	max.in.flight.requests.per.connection = 5
	max.request.size = 1048576
	metadata.max.age.ms = 300000
	metric.reporters = []
	metrics.num.samples = 2
	metrics.recording.level = INFO
	metrics.sample.window.ms = 30000
	partitioner.class = class org.apache.kafka.clients.producer.internals.DefaultPartitioner
	receive.buffer.bytes = 32768
	reconnect.backoff.max.ms = 1000
	reconnect.backoff.ms = 50
	request.timeout.ms = 30000
	retries = 2147483647
	retry.backoff.ms = 100
	sasl.client.callback.handler.class = null
	sasl.jaas.config = null
	sasl.kerberos.kinit.cmd = /usr/bin/kinit
	sasl.kerberos.min.time.before.relogin = 60000
	sasl.kerberos.service.name = null
	sasl.kerberos.ticket.renew.jitter = 0.05
	sasl.kerberos.ticket.renew.window.factor = 0.8
	sasl.login.callback.handler.class = null
	sasl.login.class = null
	sasl.login.refresh.buffer.seconds = 300
	sasl.login.refresh.min.period.seconds = 60
	sasl.login.refresh.window.factor = 0.8
	sasl.login.refresh.window.jitter = 0.05
	sasl.mechanism = GSSAPI
	security.protocol = PLAINTEXT
	send.buffer.bytes = 131072
	ssl.cipher.suites = null
	ssl.enabled.protocols = [TLSv1.2, TLSv1.1, TLSv1]
	ssl.endpoint.identification.algorithm = https
	ssl.key.password = null
	ssl.keymanager.algorithm = SunX509
	ssl.keystore.location = null
	ssl.keystore.password = null
	ssl.keystore.type = JKS
	ssl.protocol = TLS
	ssl.provider = null
	ssl.secure.random.implementation = null
	ssl.trustmanager.algorithm = PKIX
	ssl.truststore.location = null
	ssl.truststore.password = null
	ssl.truststore.type = JKS
	transaction.timeout.ms = 60000
	transactional.id = null
	value.serializer = class org.apache.kafka.common.serialization.ByteArraySerializer

15:36:24 [main] INFO  o.a.kafka.common.utils.AppInfoParser - Kafka version: 2.3.1
15:36:24 [main] INFO  o.a.kafka.common.utils.AppInfoParser - Kafka commitId: 18a913733fb71c01
15:36:24 [main] INFO  o.a.kafka.common.utils.AppInfoParser - Kafka startTimeMs: 1635510984478
15:36:24 [kafka-producer-network-thread | MacBook-Air-Igor.local-default-logback-error] INFO  org.apache.kafka.clients.Metadata - [Producer clientId=MacBook-Air-Igor.local-default-logback-error] Cluster ID: IkVR4TloSpiJkSOgp8d8ow
15:36:23 [main] ERROR o.s.boot.SpringApplication - Application run failed
java.lang.IllegalStateException: Logback configuration error detected: 
ERROR in ch.qos.logback.core.joran.spi.Interpreter@76:36 - no applicable action for [includeContex], current ElementPath  is [[configuration][appender][encoder][includeContex]]
	at org.springframework.boot.logging.logback.LogbackLoggingSystem.loadConfiguration(LogbackLoggingSystem.java:169)
	at org.springframework.boot.logging.AbstractLoggingSystem.initializeWithConventions(AbstractLoggingSystem.java:80)
	at org.springframework.boot.logging.AbstractLoggingSystem.initialize(AbstractLoggingSystem.java:60)
	at org.springframework.boot.logging.logback.LogbackLoggingSystem.initialize(LogbackLoggingSystem.java:118)
	at org.springframework.boot.context.logging.LoggingApplicationListener.initializeSystem(LoggingApplicationListener.java:313)
	at org.springframework.boot.context.logging.LoggingApplicationListener.initialize(LoggingApplicationListener.java:288)
	at org.springframework.boot.context.logging.LoggingApplicationListener.onApplicationEnvironmentPreparedEvent(LoggingApplicationListener.java:246)
	at org.springframework.boot.context.logging.LoggingApplicationListener.onApplicationEvent(LoggingApplicationListener.java:223)
	at org.springframework.context.event.SimpleApplicationEventMulticaster.doInvokeListener(SimpleApplicationEventMulticaster.java:172)
	at org.springframework.context.event.SimpleApplicationEventMulticaster.invokeListener(SimpleApplicationEventMulticaster.java:165)
	at org.springframework.context.event.SimpleApplicationEventMulticaster.multicastEvent(SimpleApplicationEventMulticaster.java:139)
	at org.springframework.context.event.SimpleApplicationEventMulticaster.multicastEvent(SimpleApplicationEventMulticaster.java:127)
	at org.springframework.boot.context.event.EventPublishingRunListener.environmentPrepared(EventPublishingRunListener.java:76)
	at org.springframework.boot.SpringApplicationRunListeners.environmentPrepared(SpringApplicationRunListeners.java:53)
	at org.springframework.boot.SpringApplication.prepareEnvironment(SpringApplication.java:345)
	at org.springframework.boot.SpringApplication.run(SpringApplication.java:308)
	at com.github.camelya58.kafka_logback_appender.LoggerRoot.main(LoggerRoot.java:16)
15:36:24 [kafka-producer-network-thread | MacBook-Air-Igor.local-default-logback-main] INFO  org.apache.kafka.clients.Metadata - [Producer clientId=MacBook-Air-Igor.local-default-logback-main] Cluster ID: IkVR4TloSpiJkSOgp8d8ow
15:37:03 [main] INFO  o.a.k.c.producer.ProducerConfig - ProducerConfig values: 
	acks = 0
	batch.size = 16384
	bootstrap.servers = [localhost:9092]
	buffer.memory = 33554432
	client.dns.lookup = default
	client.id = MacBook-Air-Igor.local-default-logback-main
	compression.type = none
	connections.max.idle.ms = 540000
	delivery.timeout.ms = 120000
	enable.idempotence = false
	interceptor.classes = []
	key.serializer = class org.apache.kafka.common.serialization.StringSerializer
	linger.ms = 100
	max.block.ms = 100
	max.in.flight.requests.per.connection = 5
	max.request.size = 1048576
	metadata.max.age.ms = 300000
	metric.reporters = []
	metrics.num.samples = 2
	metrics.recording.level = INFO
	metrics.sample.window.ms = 30000
	partitioner.class = class org.apache.kafka.clients.producer.internals.DefaultPartitioner
	receive.buffer.bytes = 32768
	reconnect.backoff.max.ms = 1000
	reconnect.backoff.ms = 50
	request.timeout.ms = 30000
	retries = 2147483647
	retry.backoff.ms = 100
	sasl.client.callback.handler.class = null
	sasl.jaas.config = null
	sasl.kerberos.kinit.cmd = /usr/bin/kinit
	sasl.kerberos.min.time.before.relogin = 60000
	sasl.kerberos.service.name = null
	sasl.kerberos.ticket.renew.jitter = 0.05
	sasl.kerberos.ticket.renew.window.factor = 0.8
	sasl.login.callback.handler.class = null
	sasl.login.class = null
	sasl.login.refresh.buffer.seconds = 300
	sasl.login.refresh.min.period.seconds = 60
	sasl.login.refresh.window.factor = 0.8
	sasl.login.refresh.window.jitter = 0.05
	sasl.mechanism = GSSAPI
	security.protocol = PLAINTEXT
	send.buffer.bytes = 131072
	ssl.cipher.suites = null
	ssl.enabled.protocols = [TLSv1.2, TLSv1.1, TLSv1]
	ssl.endpoint.identification.algorithm = https
	ssl.key.password = null
	ssl.keymanager.algorithm = SunX509
	ssl.keystore.location = null
	ssl.keystore.password = null
	ssl.keystore.type = JKS
	ssl.protocol = TLS
	ssl.provider = null
	ssl.secure.random.implementation = null
	ssl.trustmanager.algorithm = PKIX
	ssl.truststore.location = null
	ssl.truststore.password = null
	ssl.truststore.type = JKS
	transaction.timeout.ms = 60000
	transactional.id = null
	value.serializer = class org.apache.kafka.common.serialization.ByteArraySerializer

15:37:04 [main] INFO  o.a.kafka.common.utils.AppInfoParser - Kafka version: 2.3.1
15:37:04 [main] INFO  o.a.kafka.common.utils.AppInfoParser - Kafka commitId: 18a913733fb71c01
15:37:04 [main] INFO  o.a.kafka.common.utils.AppInfoParser - Kafka startTimeMs: 1635511024294
15:37:03 [main] INFO  c.g.c.k.LoggerRoot - Starting LoggerRoot on MacBook-Air-Igor.local with PID 60211 (/Users/igor/IdeaProjects/kafka-logback-appender/target/classes started by igor in /Users/igor/IdeaProjects/kafka-logback-appender)
15:37:04 [main] INFO  c.g.c.k.LoggerRoot - No active profile set, falling back to default profiles: default
15:37:04 [kafka-producer-network-thread | MacBook-Air-Igor.local-default-logback-main] INFO  org.apache.kafka.clients.Metadata - [Producer clientId=MacBook-Air-Igor.local-default-logback-main] Cluster ID: IkVR4TloSpiJkSOgp8d8ow
15:37:08 [main] INFO  o.s.b.w.e.tomcat.TomcatWebServer - Tomcat initialized with port(s): 8090 (http)
15:37:08 [main] INFO  o.a.catalina.core.StandardService - Starting service [Tomcat]
15:37:08 [main] INFO  o.a.catalina.core.StandardEngine - Starting Servlet engine: [Apache Tomcat/9.0.33]
15:37:08 [main] INFO  o.a.c.c.C.[Tomcat].[localhost].[/] - Initializing Spring embedded WebApplicationContext
15:37:08 [main] INFO  o.s.web.context.ContextLoader - Root WebApplicationContext: initialization completed in 3857 ms
15:37:09 [main] INFO  s.d.s.w.PropertySourcedRequestMappingHandlerMapping - Mapped URL path [/v2/api-docs] onto method [springfox.documentation.swagger2.web.Swagger2Controller#getDocumentation(String, HttpServletRequest)]
15:37:09 [main] INFO  o.s.s.c.ThreadPoolTaskExecutor - Initializing ExecutorService 'applicationTaskExecutor'
15:37:09 [main] INFO  s.d.s.w.p.DocumentationPluginsBootstrapper - Context refreshed
15:37:10 [main] INFO  s.d.s.w.p.DocumentationPluginsBootstrapper - Found 1 custom documentation plugin(s)
15:37:10 [main] INFO  s.d.s.w.s.ApiListingReferenceScanner - Scanning for api listing references
15:37:10 [main] INFO  o.s.b.w.e.tomcat.TomcatWebServer - Tomcat started on port(s): 8090 (http) with context path ''
15:37:10 [main] INFO  c.g.c.k.LoggerRoot - Started LoggerRoot in 14.086 seconds (JVM running for 15.938)
15:37:10 [main] INFO  LoggerRoot - Completed
15:37:10 [main] INFO  LoggerRoot - 
------------------------------------------
	Application 'LoggerRoot' is running!
	Access URL: http://127.0.0.1:8090/swagger-ui.html

